2025-09-12 04:43:14,678 - INFO - Logger initialized and ready.
2025-09-12 04:43:14,678 - WARNING - Language selection failed, using default: 'gbk' codec can't encode character '\U0001f30d' in position 0: illegal multibyte sequence
2025-09-12 04:43:14,678 - INFO - Language loaded: zh_CN
2025-09-12 04:43:14,679 - ERROR - ç¨‹åºè¿è¡Œæ—¶å‘ç”Ÿæœªå¤„ç†çš„å¼‚å¸¸
Traceback (most recent call last):
  File "J:\V3_Mod_Localization_Factory\scripts\main.py", line 24, in display_version_info
    from scripts.utils.i18n import i18n
ImportError: cannot import name 'i18n' from 'scripts.utils.i18n' (J:\V3_Mod_Localization_Factory\scripts\utils\i18n.py)

During handling of the above exception, another exception occurred:

Traceback (most recent call last):
  File "J:\V3_Mod_Localization_Factory\scripts\main.py", line 682, in <module>
    main()
  File "J:\V3_Mod_Localization_Factory\scripts\main.py", line 519, in main
    display_version_info()
  File "J:\V3_Mod_Localization_Factory\scripts\main.py", line 36, in display_version_info
    print(f"ğŸ¯ {PROJECT_DISPLAY_NAME}")
UnicodeEncodeError: 'gbk' codec can't encode character '\U0001f3af' in position 0: illegal multibyte sequence
